<?xml version="1.0" encoding="UTF-8"?>
<!-- Generated by org.testng.reporters.JUnitXMLReporter -->
<testsuite hostname="PIS031" ignored="0" name="Default test" tests="13" failures="0" timestamp="2020-07-29T22:14:28 PDT" time="257.947" errors="0">
  <testcase name="ValidateLogin" time="16.473" classname="EEExecution.ExecuteCases"/>
  <testcase name="newEvent" time="10.595" classname="EEExecution.ExecuteCases"/>
  <testcase name="newTicket" time="16.99" classname="EEExecution.ExecuteCases"/>
  <testcase name="scheduling" time="15.275" classname="EEExecution.ExecuteCases"/>
  <testcase name="createTicketFromTickettab" time="15.828" classname="EEExecution.ExecuteCases"/>
  <testcase name="createBilling" time="17.945" classname="EEExecution.ExecuteCases"/>
  <testcase name="addDevices" time="13.276" classname="EEExecution.ExecuteCases"/>
  <testcase name="createPassword" time="8.889" classname="EEExecution.ExecuteCases"/>
  <testcase name="createPurchaseOrder" time="20.121" classname="EEExecution.ExecuteCases"/>
  <testcase name="addNewcontact" time="19.151" classname="EEExecution.ExecuteCases"/>
  <testcase name="generateReport" time="8.738" classname="EEExecution.ExecuteCases"/>
  <testcase name="executeSystem" time="81.68" classname="EEExecution.ExecuteCases"/>
  <testcase name="logout" time="0.051" classname="EEExecution.ExecuteCases"/>
</testsuite> <!-- Default test -->
